Using pre-set license
Built from '2021.2/staging' branch; Version is '2021.2.7f1 (6bd9e232123f) revision 7068130'; Using compiler version '192829333'; Build Type 'Release'
OS: 'Windows 10  (10.0.19044) 64bit Core' Language: 'ko' Physical Memory: 16057 MB
BatchMode: 1, IsHumanControllingUs: 0, StartBugReporterOnCrash: 0, Is64bit: 1, IsPro: 0

COMMAND LINE ARGUMENTS:
D:\2021.2.7f1\Editor\Unity.exe
-adb2
-batchMode
-noUpm
-name
AssetImportWorker0
-projectPath
D:/한이음/23_HF014/My project (1)
-logFile
Logs/AssetImportWorker0.log
-srvPort
58647
Successfully changed project path to: D:/한이음/23_HF014/My project (1)
D:/한이음/23_HF014/My project (1)
[UnityMemory] Configuration Parameters - Can be set up in boot.config
    "memorysetup-bucket-allocator-granularity=16"
    "memorysetup-bucket-allocator-bucket-count=8"
    "memorysetup-bucket-allocator-block-size=33554432"
    "memorysetup-bucket-allocator-block-count=8"
    "memorysetup-main-allocator-block-size=16777216"
    "memorysetup-thread-allocator-block-size=16777216"
    "memorysetup-gfx-main-allocator-block-size=16777216"
    "memorysetup-gfx-thread-allocator-block-size=16777216"
    "memorysetup-cache-allocator-block-size=4194304"
    "memorysetup-typetree-allocator-block-size=2097152"
    "memorysetup-profiler-bucket-allocator-granularity=16"
    "memorysetup-profiler-bucket-allocator-bucket-count=8"
    "memorysetup-profiler-bucket-allocator-block-size=33554432"
    "memorysetup-profiler-bucket-allocator-block-count=8"
    "memorysetup-profiler-allocator-block-size=16777216"
    "memorysetup-profiler-editor-allocator-block-size=1048576"
    "memorysetup-temp-allocator-size-main=16777216"
    "memorysetup-job-temp-allocator-block-size=2097152"
    "memorysetup-job-temp-allocator-block-size-background=1048576"
    "memorysetup-job-temp-allocator-reduction-small-platforms=262144"
    "memorysetup-temp-allocator-size-background-worker=32768"
    "memorysetup-temp-allocator-size-job-worker=262144"
    "memorysetup-temp-allocator-size-preload-manager=33554432"
    "memorysetup-temp-allocator-size-nav-mesh-worker=65536"
    "memorysetup-temp-allocator-size-audio-worker=65536"
    "memorysetup-temp-allocator-size-cloud-worker=32768"
    "memorysetup-temp-allocator-size-gi-baking-worker=262144"
    "memorysetup-temp-allocator-size-gfx=262144"
Refreshing native plugins compatible for Editor in 173.16 ms, found 3 plugins.
Preloading 0 native plugins for Editor in 0.00 ms.
Initialize engine version: 2021.2.7f1 (6bd9e232123f)
[Subsystems] Discovering subsystems at path D:/2021.2.7f1/Editor/Data/Resources/UnitySubsystems
[Subsystems] Discovering subsystems at path D:/한이음/23_HF014/My project (1)/Assets
GfxDevice: creating device client; threaded=0; jobified=0
Direct3D:
    Version:  Direct3D 11.0 [level 11.1]
    Renderer: NVIDIA GeForce MX450 (ID=0x1f97)
    Vendor:   NVIDIA
    VRAM:     1920 MB
    Driver:   31.0.15.2824
Initialize mono
Mono path[0] = 'D:/2021.2.7f1/Editor/Data/Managed'
Mono path[1] = 'D:/2021.2.7f1/Editor/Data/MonoBleedingEdge/lib/mono/unityjit-win32'
Mono config path = 'D:/2021.2.7f1/Editor/Data/MonoBleedingEdge/etc'
Using monoOptions --debugger-agent=transport=dt_socket,embedding=1,server=y,suspend=n,address=127.0.0.1:56856
Begin MonoManager ReloadAssembly
Registering precompiled unity dll's ...
Register platform support module: D:/2021.2.7f1/Editor/Data/PlaybackEngines/WindowsStandaloneSupport/UnityEditor.WindowsStandalone.Extensions.dll
Registered in 0.003699 seconds.
Native extension for WindowsStandalone target not found
Refreshing native plugins compatible for Editor in 151.52 ms, found 3 plugins.
Preloading 0 native plugins for Editor in 0.00 ms.
Mono: successfully reloaded assembly
- Completed reload, in  1.099 seconds
Domain Reload Profiling:
	ReloadAssembly (1101ms)
		BeginReloadAssembly (164ms)
			ExecutionOrderSort (0ms)
			DisableScriptedObjects (0ms)
			BackupInstance (0ms)
			ReleaseScriptingObjects (0ms)
			CreateAndSetChildDomain (1ms)
		EndReloadAssembly (816ms)
			LoadAssemblies (165ms)
			RebuildTransferFunctionScriptingTraits (0ms)
			SetupTypeCache (152ms)
			ReleaseScriptCaches (0ms)
			RebuildScriptCaches (51ms)
			SetupLoadedEditorAssemblies (528ms)
				LogAssemblyErrors (0ms)
				InitializePlatformSupportModulesInManaged (42ms)
				SetLoadedEditorAssemblies (0ms)
				RefreshPlugins (152ms)
				BeforeProcessingInitializeOnLoad (2ms)
				ProcessInitializeOnLoadAttributes (237ms)
				ProcessInitializeOnLoadMethodAttributes (95ms)
				AfterProcessingInitializeOnLoad (0ms)
				EditorAssembliesLoaded (0ms)
			ExecutionOrderSort2 (0ms)
			AwakeInstancesAfterBackupRestoration (0ms)
Platform modules already initialized, skipping
Registering precompiled user dll's ...
Registered in 0.010311 seconds.
Begin MonoManager ReloadAssembly
Symbol file LoadedFromMemory doesn't match image D:\한이음\23_HF014\My project (1)\Library\PackageCache\com.unity.visualscripting@1.7.6\Editor\VisualScripting.Core\Dependencies\YamlDotNet\Unity.VisualScripting.YamlDotNet.dll
Symbol file LoadedFromMemory doesn't match image D:\한이음\23_HF014\My project (1)\Library\PackageCache\com.unity.visualscripting@1.7.6\Editor\VisualScripting.Core\Dependencies\DotNetZip\Unity.VisualScripting.IonicZip.dll
Native extension for WindowsStandalone target not found
Refreshing native plugins compatible for Editor in 1.37 ms, found 3 plugins.
Preloading 0 native plugins for Editor in 0.00 ms.
Mono: successfully reloaded assembly
- Completed reload, in  2.029 seconds
Domain Reload Profiling:
	ReloadAssembly (2032ms)
		BeginReloadAssembly (203ms)
			ExecutionOrderSort (0ms)
			DisableScriptedObjects (15ms)
			BackupInstance (0ms)
			ReleaseScriptingObjects (0ms)
			CreateAndSetChildDomain (34ms)
		EndReloadAssembly (1675ms)
			LoadAssemblies (119ms)
			RebuildTransferFunctionScriptingTraits (0ms)
			SetupTypeCache (608ms)
			ReleaseScriptCaches (2ms)
			RebuildScriptCaches (106ms)
			SetupLoadedEditorAssemblies (719ms)
				LogAssemblyErrors (0ms)
				InitializePlatformSupportModulesInManaged (28ms)
				SetLoadedEditorAssemblies (1ms)
				RefreshPlugins (2ms)
				BeforeProcessingInitializeOnLoad (157ms)
				ProcessInitializeOnLoadAttributes (488ms)
				ProcessInitializeOnLoadMethodAttributes (36ms)
				AfterProcessingInitializeOnLoad (7ms)
				EditorAssembliesLoaded (0ms)
			ExecutionOrderSort2 (0ms)
			AwakeInstancesAfterBackupRestoration (27ms)
Platform modules already initialized, skipping
========================================================================
Worker process is ready to serve import requests
Launched and connected shader compiler UnityShaderCompiler.exe after 0.07 seconds
Refreshing native plugins compatible for Editor in 1.02 ms, found 3 plugins.
Preloading 0 native plugins for Editor in 0.00 ms.
Unloading 3213 Unused Serialized files (Serialized files now loaded: 0)
Unloading 26 unused Assets / (112.4 KB). Loaded Objects now: 3669.
Memory consumption went from 111.8 MB to 111.7 MB.
Total: 3.142000 ms (FindLiveObjects: 0.259300 ms CreateObjectMapping: 0.104600 ms MarkObjects: 2.667000 ms  DeleteObjects: 0.109800 ms)

AssetImportParameters requested are different than current active one (requested -> active):
  custom:video-decoder-ogg-theora: a1e56fd34408186e4bbccfd4996cb3dc -> 
  custom:container-muxer-webm: aa71ff27fc2769a1b78a27578f13a17b -> 
  custom:container-demuxer-webm: 4f35f7cbe854078d1ac9338744f61a02 -> 
  custom:video-encoder-webm-vp8: eb34c28f22e8b96e1ab97ce403110664 -> 
  custom:video-codec-MediaFoundation-h265: 746d11721c4dcdbdad8f713fa42b33f4 -> 
  custom:audio-encoder-webm-vorbis: bf7c407c2cedff20999df2af8eb42d56 -> 
  custom:framework-win-MediaFoundation: 216162199b28c13a410421893ffa2e32 -> 
  custom:container-demuxer-ogg: 62fdf1f143b41e24485cea50d1cbac27 -> 
  custom:video-decoder-webm-vp8: 9c59270c3fd7afecdb556c50c9e8de78 -> 
  custom:audio-decoder-ogg-vorbis: bf7c407c2cedff20999df2af8eb42d56 -> 
========================================================================
Received Import Request.
  Time since last request: 57423.221503 seconds.
  path: Assets/Scenes
  artifactKey: Guid(6ea315d0fd7389c41b19996891e99ae3) Importer(815301076,1909f56bfc062723c751e8b465ee728b)
Start importing Assets/Scenes using Guid(6ea315d0fd7389c41b19996891e99ae3) Importer(815301076,1909f56bfc062723c751e8b465ee728b)  -> (artifact id: 'b8193726cff86800c54781cdc6d54904') in 0.009130 seconds 
========================================================================
Received Import Request.
  Time since last request: 0.000025 seconds.
  path: Assets
  artifactKey: Guid(00000000000000001000000000000000) Importer(815301076,1909f56bfc062723c751e8b465ee728b)
Start importing Assets using Guid(00000000000000001000000000000000) Importer(815301076,1909f56bfc062723c751e8b465ee728b)  -> (artifact id: '79842766b460edbeab6a34051e857a80') in 0.004360 seconds 
========================================================================
Received Import Request.
  Time since last request: 0.000026 seconds.
  path: Assets/Scenes/SampleScene.unity
  artifactKey: Guid(9fc0d4010bbf28b4594072e72b8655ab) Importer(815301076,1909f56bfc062723c751e8b465ee728b)
Start importing Assets/Scenes/SampleScene.unity using Guid(9fc0d4010bbf28b4594072e72b8655ab) Importer(815301076,1909f56bfc062723c751e8b465ee728b)  -> (artifact id: '3cc543865ef8e9a79821693d4970ac2c') in 0.019943 seconds 
========================================================================
Received Import Request.
  Time since last request: 12.007755 seconds.
  path: Assets/JHW
  artifactKey: Guid(af34876e08b21c64a806b84dd30723bf) Importer(815301076,1909f56bfc062723c751e8b465ee728b)
Start importing Assets/JHW using Guid(af34876e08b21c64a806b84dd30723bf) Importer(815301076,1909f56bfc062723c751e8b465ee728b)  -> (artifact id: '3fe1b2d908483c3cd055115595568bcf') in 0.004636 seconds 
========================================================================
Received Import Request.
  Time since last request: 8.055707 seconds.
  path: Assets/CSM
  artifactKey: Guid(3aa08ce544e090241b41f055a067ab35) Importer(815301076,1909f56bfc062723c751e8b465ee728b)
Start importing Assets/CSM using Guid(3aa08ce544e090241b41f055a067ab35) Importer(815301076,1909f56bfc062723c751e8b465ee728b)  -> (artifact id: '92361ffac1b2d3f50a20d8e51d3a374f') in 0.004694 seconds 
========================================================================
Received Import Request.
  Time since last request: 15.164687 seconds.
  path: Assets/New Folder
  artifactKey: Guid(f45fccd09e9c57841aab350b78230d15) Importer(815301076,1909f56bfc062723c751e8b465ee728b)
Start importing Assets/New Folder using Guid(f45fccd09e9c57841aab350b78230d15) Importer(815301076,1909f56bfc062723c751e8b465ee728b)  -> (artifact id: '1c8e727e21eca6706180794439676da2') in 0.003739 seconds 
========================================================================
Received Import Request.
  Time since last request: 13.162359 seconds.
  path: Assets/JYJ
  artifactKey: Guid(f45fccd09e9c57841aab350b78230d15) Importer(815301076,1909f56bfc062723c751e8b465ee728b)
Start importing Assets/JYJ using Guid(f45fccd09e9c57841aab350b78230d15) Importer(815301076,1909f56bfc062723c751e8b465ee728b)  -> (artifact id: '47bf5f5b4e9ede5ce463c44dd7b8ebd0') in 0.023926 seconds 
========================================================================
Received Import Request.
  Time since last request: 8.210107 seconds.
  path: Assets/LJS
  artifactKey: Guid(0b02cbf9ac7345b4ab9bec439c8573a7) Importer(815301076,1909f56bfc062723c751e8b465ee728b)
Start importing Assets/LJS using Guid(0b02cbf9ac7345b4ab9bec439c8573a7) Importer(815301076,1909f56bfc062723c751e8b465ee728b)  -> (artifact id: '1e39863e87e5a91c07c4df4a932eb579') in 0.005033 seconds 
========================================================================
Received Import Request.
  Time since last request: 28.933699 seconds.
  path: Assets/CSM/CSM_Scene.unity
  artifactKey: Guid(8fc63675b75a71b4fab71413d6fa5313) Importer(815301076,1909f56bfc062723c751e8b465ee728b)
Start importing Assets/CSM/CSM_Scene.unity using Guid(8fc63675b75a71b4fab71413d6fa5313) Importer(815301076,1909f56bfc062723c751e8b465ee728b)  -> (artifact id: '76707ae5dbdc85d3bf4224962a6290e6') in 0.079345 seconds 
========================================================================
Received Import Request.
  Time since last request: 19.189726 seconds.
  path: Assets/JHW/JHW_scene.unity
  artifactKey: Guid(851859060782d93469f461716843b5e0) Importer(815301076,1909f56bfc062723c751e8b465ee728b)
Start importing Assets/JHW/JHW_scene.unity using Guid(851859060782d93469f461716843b5e0) Importer(815301076,1909f56bfc062723c751e8b465ee728b)  -> (artifact id: '05d69b10d7caef5f96ff64d7c2ba00c5') in 0.005266 seconds 
========================================================================
Received Import Request.
  Time since last request: 6.588425 seconds.
  path: Assets/CSM/CSM_scene.unity
  artifactKey: Guid(8fc63675b75a71b4fab71413d6fa5313) Importer(815301076,1909f56bfc062723c751e8b465ee728b)
Start importing Assets/CSM/CSM_scene.unity using Guid(8fc63675b75a71b4fab71413d6fa5313) Importer(815301076,1909f56bfc062723c751e8b465ee728b)  -> (artifact id: 'b989f2bd808e9f8191d0ffee65bd8360') in 0.005413 seconds 
========================================================================
Received Import Request.
  Time since last request: 10.178148 seconds.
  path: Assets/JYJ/JYJ_scene.unity
  artifactKey: Guid(9a6a32db15eb226499173c4c72aba5c1) Importer(815301076,1909f56bfc062723c751e8b465ee728b)
Start importing Assets/JYJ/JYJ_scene.unity using Guid(9a6a32db15eb226499173c4c72aba5c1) Importer(815301076,1909f56bfc062723c751e8b465ee728b)  -> (artifact id: 'c15247d95bc99724b8f0a41a3462ca59') in 0.005412 seconds 
========================================================================
Received Import Request.
  Time since last request: 10.725895 seconds.
  path: Assets/LJS/LHS_scene.unity
  artifactKey: Guid(25173bcfc8636674882d4905fc90ccd5) Importer(815301076,1909f56bfc062723c751e8b465ee728b)
Start importing Assets/LJS/LHS_scene.unity using Guid(25173bcfc8636674882d4905fc90ccd5) Importer(815301076,1909f56bfc062723c751e8b465ee728b)  -> (artifact id: 'b71d3e840db5cd0faadaf0e00aeb7925') in 0.005595 seconds 
========================================================================
Received Import Request.
  Time since last request: 18.274087 seconds.
  path: Assets/Main.unity
  artifactKey: Guid(7a1ffb2955aecc54f943d0953abe1adf) Importer(815301076,1909f56bfc062723c751e8b465ee728b)
Start importing Assets/Main.unity using Guid(7a1ffb2955aecc54f943d0953abe1adf) Importer(815301076,1909f56bfc062723c751e8b465ee728b)  -> (artifact id: '5216dd8dd66a01319d2dbbe591d75bb9') in 0.004990 seconds 
========================================================================
Received Import Request.
  Time since last request: 323.162225 seconds.
  path: Assets/JHW/JHW_scene.unity
  artifactKey: Guid(851859060782d93469f461716843b5e0) Importer(815301076,1909f56bfc062723c751e8b465ee728b)
Start importing Assets/JHW/JHW_scene.unity using Guid(851859060782d93469f461716843b5e0) Importer(815301076,1909f56bfc062723c751e8b465ee728b)  -> (artifact id: 'bfae00b0106f787407cb10efd4ed09c5') in 0.007654 seconds 
